<?xml version="1.0" encoding="UTF-8"?>
<!-- Generated by org.testng.reporters.JUnitXMLReporter -->
<testsuite ignored="0" hostname="FVFHXF1CQ6LR" failures="1" tests="12" name="Test" time="101.177" errors="0" timestamp="2023-04-29T13:29:33 IST">
  <testcase classname="io.cucumber.testng.AbstractTestNGCucumberTests" name="@BeforeClass setUpClass" time="0.026">
    <failure type="java.lang.IllegalArgumentException" message="path must exist: /Users/GA20450687/Downloads/BDD_NoopCommerce/src\main\resources\features\address.feature">
      <![CDATA[java.lang.IllegalArgumentException: path must exist: /Users/GA20450687/Downloads/BDD_NoopCommerce/src\main\resources\features\address.feature
at io.cucumber.core.resource.PathScanner.findResourcesForPath(PathScanner.java:49)
at io.cucumber.core.resource.PathScanner.findResourcesForUri(PathScanner.java:31)
at io.cucumber.core.resource.ResourceScanner.findResourcesForUri(ResourceScanner.java:61)
at io.cucumber.core.resource.ResourceScanner.scanForResourcesUri(ResourceScanner.java:134)
at io.cucumber.core.runtime.FeaturePathFeatureSupplier.loadFeatures(FeaturePathFeatureSupplier.java:62)
at io.cucumber.core.runtime.FeaturePathFeatureSupplier.get(FeaturePathFeatureSupplier.java:45)
at io.cucumber.testng.TestNGCucumberRunner.<init>(TestNGCucumberRunner.java:122)
at io.cucumber.testng.AbstractTestNGCucumberTests.setUpClass(AbstractTestNGCucumberTests.java:27)
at java.base/java.util.ArrayList.forEach(ArrayList.java:1511)
... Removed 25 stack frames]]>
    </failure>
  </testcase> <!-- @BeforeClass setUpClass -->
  <testcase classname="com.wipro.testcases.AccountRegister" name="createAccount" time="20.219">
    <failure type="java.lang.AssertionError" message="expected [true] but found [false]">
      <![CDATA[java.lang.AssertionError: expected [true] but found [false]
at com.wipro.testcases.AccountRegister.createAccount(AccountRegister.java:26)
at java.base/java.util.ArrayList.forEach(ArrayList.java:1511)
... Removed 31 stack frames]]>
    </failure>
  </testcase> <!-- createAccount -->
  <testcase classname="com.wipro.testcases.PlaceOrder" name="loginTest" time="5.152"/>
  <testcase classname="com.wipro.testcases.PlaceOrder" name="selectDesktopTest" time="5.923"/>
  <testcase classname="com.wipro.testcases.PlaceOrder" name="addToCartTest" time="10.246"/>
  <testcase classname="com.wipro.testcases.PlaceOrder" name="clickShoppingCartTest" time="2.806"/>
  <testcase classname="com.wipro.testcases.PlaceOrder" name="clickCheckoutTest" time="8.713"/>
  <testcase classname="com.wipro.testcases.PlaceOrder" name="makePaymentTest" time="6.701"/>
  <testcase classname="com.wipro.testcases.PlaceOrder" name="clickConfirmTest" time="1.239"/>
  <testcase classname="com.wipro.testcases.PlaceOrder" name="valiadteLogout" time="5.779"/>
  <testcase classname="com.wipro.testcases.ValidateMenu" name="loginTest" time="5.162"/>
  <testcase classname="com.wipro.testcases.ValidateMenu" name="valiadteLogout" time="5.971"/>
  <testcase classname="com.wipro.testcases.ValidateMenu" name="validateMenuTest" time="10.096"/>
</testsuite> <!-- Test -->
