<?xml version="1.0" encoding="UTF-8"?>
<testsuite name="Test"
           tests="3"
           failures="0"
           errors="0"
           skipped="0"
           time="22.469">
  <properties />
  
  
            <testcase name="validateMenuTest" time="10.971" classname="com.wipro.testcases.ValidateMenu" />
                <testcase name="loginTest" time="5.550" classname="com.wipro.testcases.ValidateMenu" />
                <testcase name="valiadteLogout" time="5.948" classname="com.wipro.testcases.ValidateMenu" />
      
</testsuite>
