<?xml version="1.0" encoding="UTF-8"?>
<testng-results ignored="0" total="12" passed="11" failed="1" skipped="0">
  <reporter-output>
  </reporter-output>
  <suite started-at="2023-04-29T13:27:52 IST" name="Suite" finished-at="2023-04-29T13:29:33 IST" duration-ms="101177">
    <groups>
      <group name="cucumber">
        <method signature="AbstractTestNGCucumberTests.runScenario(io.cucumber.testng.PickleWrapper,io.cucumber.testng.FeatureWrapper)[pri:0, instance:com.wipro.testcases.AddAddress@55de24cc]" name="runScenario" class="io.cucumber.testng.AbstractTestNGCucumberTests"/>
      </group> <!-- cucumber -->
    </groups>
    <test started-at="2023-04-29T13:27:52 IST" name="Test" finished-at="2023-04-29T13:29:33 IST" duration-ms="101177">
      <class name="com.wipro.testcases.AccountRegister">
        <test-method is-config="true" signature="beforeClass()[pri:0, instance:com.wipro.testcases.AccountRegister@d554c5f]" started-at="2023-04-29T13:27:52 IST" name="beforeClass" finished-at="2023-04-29T13:27:55 IST" duration-ms="2712" status="PASS">
          <reporter-output>
          </reporter-output>
        </test-method> <!-- beforeClass -->
        <test-method signature="createAccount(java.lang.String,java.lang.String,java.lang.String,java.lang.String,java.lang.String)[pri:0, instance:com.wipro.testcases.AccountRegister@d554c5f]" started-at="2023-04-29T13:27:55 IST" name="createAccount" data-provider="dp" finished-at="2023-04-29T13:28:15 IST" duration-ms="20219" status="FAIL">
          <params>
            <param index="0">
              <value>
                <![CDATA[Shubham]]>
              </value>
            </param>
            <param index="1">
              <value>
                <![CDATA[Tange]]>
              </value>
            </param>
            <param index="2">
              <value>
                <![CDATA[shubhamtange167@gmail.com]]>
              </value>
            </param>
            <param index="3">
              <value>
                <![CDATA[Shubham@123]]>
              </value>
            </param>
            <param index="4">
              <value>
                <![CDATA[Shubham@123]]>
              </value>
            </param>
          </params>
          <exception class="java.lang.AssertionError">
            <message>
              <![CDATA[expected [true] but found [false]]]>
            </message>
            <full-stacktrace>
              <![CDATA[java.lang.AssertionError: expected [true] but found [false]
at org.testng.Assert.fail(Assert.java:99)
at org.testng.Assert.failNotEquals(Assert.java:1037)
at org.testng.Assert.assertTrue(Assert.java:45)
at org.testng.Assert.assertTrue(Assert.java:55)
at com.wipro.testcases.AccountRegister.createAccount(AccountRegister.java:26)
at java.base/jdk.internal.reflect.NativeMethodAccessorImpl.invoke0(Native Method)
at java.base/jdk.internal.reflect.NativeMethodAccessorImpl.invoke(NativeMethodAccessorImpl.java:77)
at java.base/jdk.internal.reflect.DelegatingMethodAccessorImpl.invoke(DelegatingMethodAccessorImpl.java:43)
at java.base/java.lang.reflect.Method.invoke(Method.java:568)
at org.testng.internal.MethodInvocationHelper.invokeMethod(MethodInvocationHelper.java:133)
at org.testng.internal.TestInvoker.invokeMethod(TestInvoker.java:598)
at org.testng.internal.TestInvoker.invokeTestMethod(TestInvoker.java:173)
at org.testng.internal.MethodRunner.runInSequence(MethodRunner.java:46)
at org.testng.internal.TestInvoker$MethodInvocationAgent.invoke(TestInvoker.java:824)
at org.testng.internal.TestInvoker.invokeTestMethods(TestInvoker.java:146)
at org.testng.internal.TestMethodWorker.invokeTestMethods(TestMethodWorker.java:146)
at org.testng.internal.TestMethodWorker.run(TestMethodWorker.java:128)
at java.base/java.util.ArrayList.forEach(ArrayList.java:1511)
at org.testng.TestRunner.privateRun(TestRunner.java:794)
at org.testng.TestRunner.run(TestRunner.java:596)
at org.testng.SuiteRunner.runTest(SuiteRunner.java:377)
at org.testng.SuiteRunner.runSequentially(SuiteRunner.java:371)
at org.testng.SuiteRunner.privateRun(SuiteRunner.java:332)
at org.testng.SuiteRunner.run(SuiteRunner.java:276)
at org.testng.SuiteRunnerWorker.runSuite(SuiteRunnerWorker.java:53)
at org.testng.SuiteRunnerWorker.run(SuiteRunnerWorker.java:96)
at org.testng.TestNG.runSuitesSequentially(TestNG.java:1212)
at org.testng.TestNG.runSuitesLocally(TestNG.java:1134)
at org.testng.TestNG.runSuites(TestNG.java:1063)
at org.testng.TestNG.run(TestNG.java:1031)
at org.testng.remote.AbstractRemoteTestNG.run(AbstractRemoteTestNG.java:115)
at org.testng.remote.RemoteTestNG.initAndRun(RemoteTestNG.java:251)
at org.testng.remote.RemoteTestNG.main(RemoteTestNG.java:77)
]]>
            </full-stacktrace>
          </exception> <!-- java.lang.AssertionError -->
          <reporter-output>
          </reporter-output>
        </test-method> <!-- createAccount -->
        <test-method is-config="true" signature="afterClass()[pri:0, instance:com.wipro.testcases.AccountRegister@d554c5f]" started-at="2023-04-29T13:28:15 IST" name="afterClass" finished-at="2023-04-29T13:28:17 IST" duration-ms="1294" status="PASS">
          <reporter-output>
          </reporter-output>
        </test-method> <!-- afterClass -->
      </class> <!-- com.wipro.testcases.AccountRegister -->
      <class name="com.wipro.testcases.PlaceOrder">
        <test-method is-config="true" signature="beforeClass()[pri:0, instance:com.wipro.testcases.PlaceOrder@69c81773]" started-at="2023-04-29T13:28:17 IST" name="beforeClass" finished-at="2023-04-29T13:28:20 IST" duration-ms="2777" status="PASS">
          <reporter-output>
          </reporter-output>
        </test-method> <!-- beforeClass -->
        <test-method signature="loginTest(java.lang.String,java.lang.String)[pri:0, instance:com.wipro.testcases.PlaceOrder@69c81773]" started-at="2023-04-29T13:28:20 IST" name="loginTest" data-provider="dp" finished-at="2023-04-29T13:28:25 IST" duration-ms="5152" status="PASS">
          <params>
            <param index="0">
              <value>
                <![CDATA[shubhamtange167@gmail.com]]>
              </value>
            </param>
            <param index="1">
              <value>
                <![CDATA[Shubham@123]]>
              </value>
            </param>
          </params>
          <reporter-output>
          </reporter-output>
        </test-method> <!-- loginTest -->
        <test-method signature="selectDesktopTest()[pri:1, instance:com.wipro.testcases.PlaceOrder@69c81773]" started-at="2023-04-29T13:28:25 IST" name="selectDesktopTest" finished-at="2023-04-29T13:28:31 IST" duration-ms="5923" status="PASS">
          <reporter-output>
          </reporter-output>
        </test-method> <!-- selectDesktopTest -->
        <test-method signature="addToCartTest()[pri:2, instance:com.wipro.testcases.PlaceOrder@69c81773]" started-at="2023-04-29T13:28:31 IST" name="addToCartTest" finished-at="2023-04-29T13:28:41 IST" duration-ms="10246" status="PASS">
          <reporter-output>
          </reporter-output>
        </test-method> <!-- addToCartTest -->
        <test-method signature="clickShoppingCartTest()[pri:3, instance:com.wipro.testcases.PlaceOrder@69c81773]" started-at="2023-04-29T13:28:41 IST" name="clickShoppingCartTest" finished-at="2023-04-29T13:28:44 IST" duration-ms="2806" status="PASS">
          <reporter-output>
          </reporter-output>
        </test-method> <!-- clickShoppingCartTest -->
        <test-method signature="clickCheckoutTest()[pri:4, instance:com.wipro.testcases.PlaceOrder@69c81773]" started-at="2023-04-29T13:28:44 IST" name="clickCheckoutTest" finished-at="2023-04-29T13:28:52 IST" duration-ms="8713" status="PASS">
          <reporter-output>
          </reporter-output>
        </test-method> <!-- clickCheckoutTest -->
        <test-method signature="makePaymentTest()[pri:5, instance:com.wipro.testcases.PlaceOrder@69c81773]" started-at="2023-04-29T13:28:52 IST" name="makePaymentTest" finished-at="2023-04-29T13:28:59 IST" duration-ms="6701" status="PASS">
          <reporter-output>
          </reporter-output>
        </test-method> <!-- makePaymentTest -->
        <test-method signature="clickConfirmTest()[pri:6, instance:com.wipro.testcases.PlaceOrder@69c81773]" started-at="2023-04-29T13:28:59 IST" name="clickConfirmTest" finished-at="2023-04-29T13:29:00 IST" duration-ms="1239" status="PASS">
          <reporter-output>
          </reporter-output>
        </test-method> <!-- clickConfirmTest -->
        <test-method signature="valiadteLogout()[pri:7, instance:com.wipro.testcases.PlaceOrder@69c81773]" started-at="2023-04-29T13:29:00 IST" name="valiadteLogout" finished-at="2023-04-29T13:29:06 IST" duration-ms="5779" status="PASS">
          <reporter-output>
          </reporter-output>
        </test-method> <!-- valiadteLogout -->
        <test-method is-config="true" signature="afterClass()[pri:0, instance:com.wipro.testcases.PlaceOrder@69c81773]" started-at="2023-04-29T13:29:06 IST" name="afterClass" finished-at="2023-04-29T13:29:08 IST" duration-ms="1919" status="PASS">
          <reporter-output>
          </reporter-output>
        </test-method> <!-- afterClass -->
      </class> <!-- com.wipro.testcases.PlaceOrder -->
      <class name="com.wipro.testcases.AddAddress">
        <test-method is-config="true" signature="setUpClass(org.testng.ITestContext)[pri:0, instance:com.wipro.testcases.AddAddress@55de24cc]" started-at="2023-04-29T13:28:17 IST" name="setUpClass" finished-at="2023-04-29T13:28:17 IST" duration-ms="26" status="FAIL">
          <params>
            <param index="0">
              <value>
                <![CDATA[org.testng.TestRunner@3cd26422]]>
              </value>
            </param>
          </params>
          <exception class="java.lang.IllegalArgumentException">
            <message>
              <![CDATA[path must exist: /Users/GA20450687/Downloads/BDD_NoopCommerce/src\main\resources\features\address.feature]]>
            </message>
            <full-stacktrace>
              <![CDATA[java.lang.IllegalArgumentException: path must exist: /Users/GA20450687/Downloads/BDD_NoopCommerce/src\main\resources\features\address.feature
at io.cucumber.core.resource.PathScanner.findResourcesForPath(PathScanner.java:49)
at io.cucumber.core.resource.PathScanner.findResourcesForUri(PathScanner.java:31)
at io.cucumber.core.resource.ResourceScanner.findResourcesForUri(ResourceScanner.java:61)
at io.cucumber.core.resource.ResourceScanner.scanForResourcesUri(ResourceScanner.java:134)
at io.cucumber.core.runtime.FeaturePathFeatureSupplier.loadFeatures(FeaturePathFeatureSupplier.java:62)
at io.cucumber.core.runtime.FeaturePathFeatureSupplier.get(FeaturePathFeatureSupplier.java:45)
at io.cucumber.testng.TestNGCucumberRunner.<init>(TestNGCucumberRunner.java:122)
at io.cucumber.testng.AbstractTestNGCucumberTests.setUpClass(AbstractTestNGCucumberTests.java:27)
at java.base/jdk.internal.reflect.NativeMethodAccessorImpl.invoke0(Native Method)
at java.base/jdk.internal.reflect.NativeMethodAccessorImpl.invoke(NativeMethodAccessorImpl.java:77)
at java.base/jdk.internal.reflect.DelegatingMethodAccessorImpl.invoke(DelegatingMethodAccessorImpl.java:43)
at java.base/java.lang.reflect.Method.invoke(Method.java:568)
at org.testng.internal.MethodInvocationHelper.invokeMethod(MethodInvocationHelper.java:133)
at org.testng.internal.MethodInvocationHelper.invokeMethodConsideringTimeout(MethodInvocationHelper.java:62)
at org.testng.internal.ConfigInvoker.invokeConfigurationMethod(ConfigInvoker.java:385)
at org.testng.internal.ConfigInvoker.invokeConfigurations(ConfigInvoker.java:321)
at org.testng.internal.TestMethodWorker.invokeBeforeClassMethods(TestMethodWorker.java:176)
at org.testng.internal.TestMethodWorker.run(TestMethodWorker.java:122)
at java.base/java.util.ArrayList.forEach(ArrayList.java:1511)
at org.testng.TestRunner.privateRun(TestRunner.java:794)
at org.testng.TestRunner.run(TestRunner.java:596)
at org.testng.SuiteRunner.runTest(SuiteRunner.java:377)
at org.testng.SuiteRunner.runSequentially(SuiteRunner.java:371)
at org.testng.SuiteRunner.privateRun(SuiteRunner.java:332)
at org.testng.SuiteRunner.run(SuiteRunner.java:276)
at org.testng.SuiteRunnerWorker.runSuite(SuiteRunnerWorker.java:53)
at org.testng.SuiteRunnerWorker.run(SuiteRunnerWorker.java:96)
at org.testng.TestNG.runSuitesSequentially(TestNG.java:1212)
at org.testng.TestNG.runSuitesLocally(TestNG.java:1134)
at org.testng.TestNG.runSuites(TestNG.java:1063)
at org.testng.TestNG.run(TestNG.java:1031)
at org.testng.remote.AbstractRemoteTestNG.run(AbstractRemoteTestNG.java:115)
at org.testng.remote.RemoteTestNG.initAndRun(RemoteTestNG.java:251)
at org.testng.remote.RemoteTestNG.main(RemoteTestNG.java:77)
]]>
            </full-stacktrace>
          </exception> <!-- java.lang.IllegalArgumentException -->
          <reporter-output>
          </reporter-output>
        </test-method> <!-- setUpClass -->
        <test-method is-config="true" signature="tearDownClass()[pri:0, instance:com.wipro.testcases.AddAddress@55de24cc]" started-at="2023-04-29T13:28:17 IST" name="tearDownClass" finished-at="2023-04-29T13:28:17 IST" duration-ms="0" status="PASS">
          <reporter-output>
          </reporter-output>
        </test-method> <!-- tearDownClass -->
      </class> <!-- com.wipro.testcases.AddAddress -->
      <class name="com.wipro.testcases.ValidateMenu">
        <test-method is-config="true" signature="beforeClass()[pri:0, instance:com.wipro.testcases.ValidateMenu@4d14b6c2]" started-at="2023-04-29T13:29:08 IST" name="beforeClass" finished-at="2023-04-29T13:29:11 IST" duration-ms="2586" status="PASS">
          <reporter-output>
          </reporter-output>
        </test-method> <!-- beforeClass -->
        <test-method signature="loginTest(java.lang.String,java.lang.String)[pri:0, instance:com.wipro.testcases.ValidateMenu@4d14b6c2]" started-at="2023-04-29T13:29:11 IST" name="loginTest" data-provider="dp" finished-at="2023-04-29T13:29:16 IST" duration-ms="5162" status="PASS">
          <params>
            <param index="0">
              <value>
                <![CDATA[shubhamtange167@gmail.com]]>
              </value>
            </param>
            <param index="1">
              <value>
                <![CDATA[Shubham@123]]>
              </value>
            </param>
          </params>
          <reporter-output>
          </reporter-output>
        </test-method> <!-- loginTest -->
        <test-method signature="valiadteLogout()[pri:1, instance:com.wipro.testcases.ValidateMenu@4d14b6c2]" started-at="2023-04-29T13:29:16 IST" name="valiadteLogout" finished-at="2023-04-29T13:29:22 IST" duration-ms="5971" status="PASS">
          <reporter-output>
          </reporter-output>
        </test-method> <!-- valiadteLogout -->
        <test-method signature="validateMenuTest()[pri:1, instance:com.wipro.testcases.ValidateMenu@4d14b6c2]" started-at="2023-04-29T13:29:22 IST" name="validateMenuTest" finished-at="2023-04-29T13:29:32 IST" duration-ms="10096" status="PASS">
          <reporter-output>
          </reporter-output>
        </test-method> <!-- validateMenuTest -->
        <test-method is-config="true" signature="afterClass()[pri:0, instance:com.wipro.testcases.ValidateMenu@4d14b6c2]" started-at="2023-04-29T13:29:32 IST" name="afterClass" finished-at="2023-04-29T13:29:33 IST" duration-ms="1414" status="PASS">
          <reporter-output>
          </reporter-output>
        </test-method> <!-- afterClass -->
      </class> <!-- com.wipro.testcases.ValidateMenu -->
    </test> <!-- Test -->
  </suite> <!-- Suite -->
</testng-results>
